/students/jns9md:
total 20K
drwxr-x--- 2 jns9md jns9md 4.0K Jun  2  2010 Desktop/
-rw-r--r-- 1 jns9md jns9md    0 Jan 16 17:28 hello.out
drwxr-xr-x 2 jns9md jns9md 4.0K Jan 16 17:25 hj4c@galileo.phys.virginia.edu/
-rw-r--r-- 1 jns9md jns9md  299 Jan 15 15:33 jns9md_xtest.txt
drwxr-xr-x 2 jns9md jns9md 4.0K Jan 16 17:29 lab1/
drwxr-xr-x 3 jns9md jns9md 4.0K Jan 15 12:06 phys2660/

/students/jns9md/Desktop:
total 20K
-rw-r----- 1 jns9md jns9md  388 Jun  2  2010 Claim Print Job.desktop
-rw-r----- 1 jns9md jns9md  506 Jun  2  2010 Get Help.desktop
-rw-r----- 1 jns9md jns9md 4.4K Jun  2  2010 Home.desktop
-rw-r----- 1 jns9md jns9md 3.7K Jun  2  2010 System.desktop

/students/jns9md/hj4c@galileo.phys.virginia.edu:
total 56K
-rwxr-xr-x 1 jns9md jns9md 6.1K Jan 16 17:25 filefalling*
-rwxr-xr-x 1 jns9md jns9md 6.2K Jan 16 17:25 filefalling2*
-rw-r--r-- 1 jns9md jns9md  901 Jan 16 17:25 filefalling2.cpp
-rw-r--r-- 1 jns9md jns9md  830 Jan 16 17:25 filefalling.cpp
-rwxr-xr-x 1 jns9md jns9md 5.4K Jan 16 17:25 hello*
-rw-r--r-- 1 jns9md jns9md  267 Jan 16 17:25 hello.cpp
-rwxr-xr-x 1 jns9md jns9md 5.9K Jan 16 17:25 iamfalling*
-rw-r--r-- 1 jns9md jns9md  772 Jan 16 17:25 iamfalling.cpp
-rw-r--r-- 1 jns9md jns9md   11 Jan 16 17:25 vertigo.dat
-rw-r--r-- 1 jns9md jns9md  172 Jan 16 17:25 vertigo.out

/students/jns9md/lab1:
total 60K
-rwxr-xr-x 1 jns9md jns9md 6.1K Jan 16 17:16 filefalling*
-rwxr-xr-x 1 jns9md jns9md 6.2K Jan 16 17:22 filefalling2*
-rw-r--r-- 1 jns9md jns9md  901 Jan 16 17:21 filefalling2.cpp
-rw-r--r-- 1 jns9md jns9md  830 Jan 16 17:16 filefalling.cpp
-rwxr-xr-x 1 jns9md jns9md 5.4K Jan 16 16:20 hello*
-rw-r--r-- 1 jns9md jns9md  267 Jan 16 16:19 hello.cpp
-rw-r--r-- 1 jns9md jns9md   30 Jan 16 17:28 hello.out
-rwxr-xr-x 1 jns9md jns9md 5.9K Jan 16 16:49 iamfalling*
-rw-r--r-- 1 jns9md jns9md  772 Jan 16 16:48 iamfalling.cpp
-rw-r--r-- 1 jns9md jns9md    0 Jan 16 17:29 list.out
-rw-r--r-- 1 jns9md jns9md   11 Jan 16 17:02 vertigo.dat
-rw-r--r-- 1 jns9md jns9md  172 Jan 16 17:22 vertigo.out

/students/jns9md/phys2660:
total 4.0K
drwxr-xr-x 5 jns9md jns9md 4.0K Jan 15 15:23 prelab_01/

/students/jns9md/phys2660/prelab_01:
total 24K
-rwxr-xr-x 1 jns9md jns9md 5.2K Jan 15 15:23 jns9md_test*
-rw-r--r-- 1 jns9md jns9md  209 Jan 15 15:22 jns9md_test.cpp
drwxr-xr-x 2 jns9md jns9md 4.0K Jan 15 14:30 test1/
drwxr-xr-x 2 jns9md jns9md 4.0K Jan 15 14:30 test2/
drwxr-xr-x 2 jns9md jns9md 4.0K Jan 15 12:07 test3/

/students/jns9md/phys2660/prelab_01/test1:
total 8.0K
-rw-r--r-- 1 jns9md jns9md 391 Jan 15 14:21 file1.txt
-rw-r--r-- 1 jns9md jns9md 105 Jan 15 12:18 ls

/students/jns9md/phys2660/prelab_01/test2:
total 4.0K
-rw-r--r-- 1 jns9md jns9md 391 Jan 15 14:28 file2b.txt

/students/jns9md/phys2660/prelab_01/test3:
total 0
