       0   0.0000   0.0000   0.0000   0.0000
       1   0.4167   0.8570   0.5903   0.3701
       2   0.8333   1.2112   0.6138   0.4977
       3   1.2500   1.2653   0.3525   0.2992
       4   1.6667   1.1198  -0.1236  -0.0953
       5   2.0833   0.8479  -0.7078  -0.4274
       6   2.5000   0.5130  -1.2667  -0.4795
       7   2.9167   0.1708  -1.6648  -0.2174
       8   3.3333  -0.1319  -1.7923   0.1871
       9   3.7500  -0.3610  -1.5890   0.4690
      10   4.1667  -0.4963  -1.0595   0.4436
      11   4.5833  -0.5328  -0.2755   0.1276
      12   5.0000  -0.4795   0.6343  -0.2720
      13   5.4167  -0.3563   1.5069  -0.4934
      14   5.8333  -0.1909   2.1749  -0.3916
      15   6.2500  -0.0137   2.4986  -0.0332
      16   6.6667   0.1464   2.3945   0.3470
      17   7.0833   0.2663   1.8540   0.4998
      18   7.5000   0.3311   0.9493   0.3251
      19   7.9167   0.3358  -0.1763  -0.0625
      20   8.3333   0.2852  -1.3314  -0.4092
      21   8.7500   0.1922  -2.3098  -0.4878
      22   9.1667   0.0753  -2.9274  -0.2468
      23   9.5833  -0.0448  -3.0569   0.1559
      24  10.0000  -0.1484  -2.6534   0.4565
